**
(main.tex
LaTeX2e <2021-11-15> patch level 1
L3 programming layer <2022-02-24> (new-aiaa.cls
Document Class: new-aiaa 2018/01/10, v1.2
(article.cls
Document Class: article 2021/10/04 v1.4n Standard LaTeX document class
(size10.clo
File: size10.clo 2021/10/04 v1.4n Standard LaTeX file (size option)
)
\c@part=\count181
\c@section=\count182
\c@subsection=\count183
\c@subsubsection=\count184
\c@paragraph=\count185
\c@subparagraph=\count186
\c@figure=\count187
\c@table=\count188
\abovecaptionskip=\skip47
\belowcaptionskip=\skip48
\bibindent=\dimen138
) (fontenc.sty
Package: fontenc 2021/04/29 v2.0v Standard LaTeX package
LaTeX Font Info:    Trying to load font information for T1+lmr on input line 11
2.
 (t1lmr.fd
File: t1lmr.fd 2015/05/01 v1.6.1 Font defs for Latin Modern
)) (inputenc.sty
Package: inputenc 2021/02/14 v1.3d Input encoding file
\inpenc@prehook=\toks16
\inpenc@posthook=\toks17


Package inputenc Warning: inputenc package ignored with utf8 based engines.

) (microtype.sty
Package: microtype 2022/03/14 v3.0d Micro-typographical refinements (RS)
 (keyval.sty
Package: keyval 2014/10/28 v1.15 key=value parser (DPC)
\KV@toks@=\toks18
) (etoolbox.sty
Package: etoolbox 2020/10/05 v2.5k e-TeX tools for LaTeX (JAW)
\etb@tempcnta=\count189
)
\MT@toks=\toks19
\MT@tempbox=\box50
\MT@count=\count190
LaTeX Info: Redefining \noprotrusionifhmode on input line 1027.
LaTeX Info: Redefining \leftprotrusion on input line 1028.
LaTeX Info: Redefining \rightprotrusion on input line 1036.
LaTeX Info: Redefining \textls on input line 1195.
\MT@outer@kern=\dimen139
LaTeX Info: Redefining \textmicrotypecontext on input line 1781.
\MT@listname@count=\count191
 (microtype-xetex.def
File: microtype-xetex.def 2022/03/14 v3.0d Definitions specific to xetex (RS)
LaTeX Info: Redefining \lsstyle on input line 236.
)
Package microtype Info: Loading configuration file microtype.cfg.

(microtype.cfg
File: microtype.cfg 2022/03/14 v3.0d microtype main configuration file (RS)
)) (newtxtext.sty
Package: newtxtext 2022/02/28 v1.71(Michael Sharpe) latex and unicode latex sup
port for TeXGyreTermesX

`newtxtext' v1.71, 2022/02/28 Text macros taking advantage of TeXGyre Termes an
d its extensions (msharpe) (iftex.sty
Package: iftex 2022/02/03 v1.0f TeX engine tests
) (xkeyval.sty
Package: xkeyval 2020/11/20 v2.8 package option processing (HA)
 (xkeyval (xkvutils
\XKV@toks=\toks20
\XKV@tempa@toks=\toks21
)
\XKV@depth=\count192
File: xkeyval.tex 2014/12/03 v2.7a key=value parser (HA)
))
(textcomp.sty
Package: textcomp 2020/02/02 v2.0n Standard LaTeX package
) (xstring.sty (xstring.tex
\integerpart=\count193
\decimalpart=\count194
)
Package: xstring 2021/07/21 v1.84 String manipulations (CT)
) (ifthen.sty
Package: ifthen 2020/11/24 v1.1c Standard LaTeX ifthen package (DPC)
) (scalefnt.sty)
LaTeX Font Info:    Setting ntxLF sub-encoding to TS1/0 on input line 21.
LaTeX Font Info:    Setting ntxTLF sub-encoding to TS1/0 on input line 21.
LaTeX Font Info:    Setting ntxOsF sub-encoding to TS1/0 on input line 21.
LaTeX Font Info:    Setting ntxTOsF sub-encoding to TS1/0 on input line 21.
 (binhex)
\ntx@tmpcnta=\count195
\ntx@cnt=\count196
ntx@otftexttrue
(fontspec.sty (xparse.sty (expl3.sty
Package: expl3 2022-02-24 L3 programming layer (loader) 
 (l3backend-xetex.def
File: l3backend-xetex.def 2022-02-07 L3 backend support: XeTeX
\c__kernel_sys_dvipdfmx_version_int=\count197
\l__color_backend_stack_int=\count198
\g__color_backend_stack_int=\count199
\g__graphics_track_int=\count266
\l__pdf_internal_box=\box51
\g__pdf_backend_object_int=\count267
\g__pdf_backend_annotation_int=\count268
\g__pdf_backend_link_int=\count269
))
Package: xparse 2022-01-12 L3 Experimental document command parser
)
Package: fontspec 2022/01/15 v2.8a Font selection for XeLaTeX and LuaLaTeX

(fontspec-xetex.sty
Package: fontspec-xetex 2022/01/15 v2.8a Font selection for XeLaTeX and LuaLaTe
X
\l__fontspec_script_int=\count270
\l__fontspec_language_int=\count271
\l__fontspec_strnum_int=\count272
\l__fontspec_tmp_int=\count273
\l__fontspec_tmpa_int=\count274
\l__fontspec_tmpb_int=\count275
\l__fontspec_tmpc_int=\count276
\l__fontspec_em_int=\count277
\l__fontspec_emdef_int=\count278
\l__fontspec_strong_int=\count279
\l__fontspec_strongdef_int=\count280
\l__fontspec_tmpa_dim=\dimen140
\l__fontspec_tmpb_dim=\dimen141
\l__fontspec_tmpc_dim=\dimen142
 (fontenc.sty
Package: fontenc 2021/04/29 v2.0v Standard LaTeX package
) (fontspec.cfg)))
LaTeX Info: Redefining \oldstylenums on input line 479.
LaTeX Info: Redefining \liningnums on input line 483.
 (realscripts.sty
Package: realscripts 2016/02/13 v0.3d Access OpenType subscripts and superscrip
ts
\subsupersep=\dimen143
))
(newtxmath.sty
Package: newtxmath 2022/01/16 v1.71

`newtxmath' v1.71, 2022/01/16 Math macros based originally on txfonts (msharpe)
(amsmath.sty
Package: amsmath 2021/10/15 v2.17l AMS math features
\@mathmargin=\skip49

For additional information on amsmath, use the `?' option.
(amstext.sty
Package: amstext 2021/08/26 v2.01 AMS text
 (amsgen.sty
File: amsgen.sty 1999/11/30 v2.0 generic functions
\@emptytoks=\toks22
\ex@=\dimen144
)) (amsbsy.sty
Package: amsbsy 1999/11/29 v1.2d Bold Symbols
\pmbraise@=\dimen145
) (amsopn.sty
Package: amsopn 2021/08/26 v2.02 operator names
)
\inf@bad=\count281
LaTeX Info: Redefining \frac on input line 234.
\uproot@=\count282
\leftroot@=\count283
LaTeX Info: Redefining \overline on input line 399.
\classnum@=\count284
\DOTSCASE@=\count285
LaTeX Info: Redefining \ldots on input line 496.
LaTeX Info: Redefining \dots on input line 499.
LaTeX Info: Redefining \cdots on input line 620.
\Mathstrutbox@=\box52
\strutbox@=\box53
\big@size=\dimen146
LaTeX Font Info:    Redeclaring font encoding OML on input line 743.
LaTeX Font Info:    Redeclaring font encoding OMS on input line 744.
\macc@depth=\count286
\c@MaxMatrixCols=\count287
\dotsspace@=\muskip16
\c@parentequation=\count288
\dspbrk@lvl=\count289
\tag@help=\toks23
\row@=\count290
\column@=\count291
\maxfields@=\count292
\andhelp@=\toks24
\eqnshift@=\dimen147
\alignsep@=\dimen148
\tagshift@=\dimen149
\tagwidth@=\dimen150
\totwidth@=\dimen151
\lineht@=\dimen152
\@envbody=\toks25
\multlinegap=\skip50
\multlinetaggap=\skip51
\mathdisplay@stack=\toks26
LaTeX Info: Redefining \[ on input line 2938.
LaTeX Info: Redefining \] on input line 2939.
) (ifxetex.sty
Package: ifxetex 2019/10/25 v0.7 ifxetex legacy package. Use iftex instead.
)
(ifluatex.sty
Package: ifluatex 2019/10/25 v1.5 ifluatex legacy package. Use iftex instead.
) (centernot.sty
Package: centernot 2016/05/16 v1.4 Centers the not symbol horizontally (HO)
)
\tx@cntz=\count293
 (binhex)
\tx@Isdigit=\count294
\tx@IsAlNum=\count295
\tx@tA=\toks27
\tx@tB=\toks28
\tx@su=\read2

amsthm NOT loaded
LaTeX Font Info:    Redeclaring symbol font `operators' on input line 376.
LaTeX Font Info:    Overwriting symbol font `operators' in version `normal'
(Font)                  OT1/cmr/m/n --> OT1/minntx/m/n on input line 376.
LaTeX Font Info:    Overwriting symbol font `operators' in version `bold'
(Font)                  OT1/cmr/bx/n --> OT1/minntx/m/n on input line 376.
LaTeX Font Info:    Overwriting symbol font `operators' in version `bold'
(Font)                  OT1/minntx/m/n --> OT1/minntx/b/n on input line 377.
LaTeX Font Info:    Redeclaring math alphabet \mathsf on input line 383.
LaTeX Font Info:    Overwriting math alphabet `\mathsf' in version `normal'
(Font)                  OT1/cmss/m/n --> TU/lmss/m/n on input line 383.
LaTeX Font Info:    Overwriting math alphabet `\mathsf' in version `bold'
(Font)                  OT1/cmss/bx/n --> TU/lmss/m/n on input line 383.
LaTeX Font Info:    Redeclaring math alphabet \mathit on input line 384.
LaTeX Font Info:    Overwriting math alphabet `\mathit' in version `normal'
(Font)                  OT1/cmr/m/it --> OT1/minntx/m/it on input line 384.
LaTeX Font Info:    Overwriting math alphabet `\mathit' in version `bold'
(Font)                  OT1/cmr/bx/it --> OT1/minntx/m/it on input line 384.
LaTeX Font Info:    Redeclaring math alphabet \mathtt on input line 385.
LaTeX Font Info:    Overwriting math alphabet `\mathtt' in version `normal'
(Font)                  OT1/cmtt/m/n --> TU/lmtt/m/n on input line 385.
LaTeX Font Info:    Overwriting math alphabet `\mathtt' in version `bold'
(Font)                  OT1/cmtt/m/n --> TU/lmtt/m/n on input line 385.
LaTeX Font Info:    Redeclaring math alphabet \mathbf on input line 387.
LaTeX Font Info:    Overwriting math alphabet `\mathbf' in version `normal'
(Font)                  OT1/cmr/bx/n --> OT1/minntx/b/n on input line 387.
LaTeX Font Info:    Overwriting math alphabet `\mathbf' in version `bold'
(Font)                  OT1/cmr/bx/n --> OT1/minntx/b/n on input line 387.
LaTeX Font Info:    Overwriting math alphabet `\mathit' in version `bold'
(Font)                  OT1/minntx/m/it --> OT1/minntx/b/it on input line 388.
LaTeX Font Info:    Overwriting math alphabet `\mathsf' in version `bold'
(Font)                  TU/lmss/m/n --> TU/lmss/b/n on input line 389.
LaTeX Font Info:    Overwriting math alphabet `\mathtt' in version `bold'
(Font)                  TU/lmtt/m/n --> TU/lmtt/b/n on input line 390.
LaTeX Font Info:    Redeclaring symbol font `letters' on input line 491.
LaTeX Font Info:    Overwriting symbol font `letters' in version `normal'
(Font)                  OML/cmm/m/it --> OML/ntxmi/m/it on input line 491.
LaTeX Font Info:    Overwriting symbol font `letters' in version `bold'
(Font)                  OML/cmm/b/it --> OML/ntxmi/m/it on input line 491.
LaTeX Font Info:    Overwriting symbol font `letters' in version `bold'
(Font)                  OML/ntxmi/m/it --> OML/ntxmi/b/it on input line 492.
\symlettersA=\mathgroup4
LaTeX Font Info:    Overwriting symbol font `lettersA' in version `bold'
(Font)                  U/ntxmia/m/it --> U/ntxmia/b/it on input line 547.
LaTeX Font Info:    Redeclaring symbol font `symbols' on input line 568.
LaTeX Font Info:    Encoding `OMS' has changed to `LMS' for symbol font
(Font)              `symbols' in the math version `normal' on input line 568.
LaTeX Font Info:    Overwriting symbol font `symbols' in version `normal'
(Font)                  OMS/cmsy/m/n --> LMS/ntxsy/m/n on input line 568.
LaTeX Font Info:    Encoding `OMS' has changed to `LMS' for symbol font
(Font)              `symbols' in the math version `bold' on input line 568.
LaTeX Font Info:    Overwriting symbol font `symbols' in version `bold'
(Font)                  OMS/cmsy/b/n --> LMS/ntxsy/m/n on input line 568.
LaTeX Font Info:    Overwriting symbol font `symbols' in version `bold'
(Font)                  LMS/ntxsy/m/n --> LMS/ntxsy/b/n on input line 569.
\symAMSm=\mathgroup5
LaTeX Font Info:    Overwriting symbol font `AMSm' in version `bold'
(Font)                  U/ntxsym/m/n --> U/ntxsym/b/n on input line 594.
\symsymbolsC=\mathgroup6
LaTeX Font Info:    Overwriting symbol font `symbolsC' in version `bold'
(Font)                  U/ntxsyc/m/n --> U/ntxsyc/b/n on input line 615.
LaTeX Font Info:    Redeclaring symbol font `largesymbols' on input line 628.
LaTeX Font Info:    Encoding `OMX' has changed to `LMX' for symbol font
(Font)              `largesymbols' in the math version `normal' on input line 6
28.
LaTeX Font Info:    Overwriting symbol font `largesymbols' in version `normal'
(Font)                  OMX/cmex/m/n --> LMX/ntxexx/m/n on input line 628.
LaTeX Font Info:    Encoding `OMX' has changed to `LMX' for symbol font
(Font)              `largesymbols' in the math version `bold' on input line 628
.
LaTeX Font Info:    Overwriting symbol font `largesymbols' in version `bold'
(Font)                  OMX/cmex/m/n --> LMX/ntxexx/m/n on input line 628.
LaTeX Font Info:    Overwriting symbol font `largesymbols' in version `bold'
(Font)                  LMX/ntxexx/m/n --> LMX/ntxexx/b/n on input line 629.
\symlargesymbolsTXA=\mathgroup7
LaTeX Font Info:    Overwriting symbol font `largesymbolsTXA' in version `bold'

(Font)                  U/ntxexa/m/n --> U/ntxexa/b/n on input line 643.
\tx@sbptoks=\toks29
LaTeX Font Info:    Redeclaring math delimiter \lfloor on input line 866.
LaTeX Font Info:    Redeclaring math delimiter \rfloor on input line 867.
LaTeX Font Info:    Redeclaring math delimiter \lceil on input line 868.
LaTeX Font Info:    Redeclaring math delimiter \rceil on input line 869.
LaTeX Font Info:    Redeclaring math delimiter \lbrace on input line 870.
LaTeX Font Info:    Redeclaring math delimiter \rbrace on input line 871.
LaTeX Font Info:    Redeclaring math delimiter \langle on input line 872.
LaTeX Font Info:    Redeclaring math delimiter \rangle on input line 874.
LaTeX Font Info:    Redeclaring math delimiter \arrowvert on input line 878.
LaTeX Font Info:    Redeclaring math delimiter \vert on input line 879.
LaTeX Font Info:    Redeclaring math symbol \hbar on input line 925.
LaTeX Font Info:    Redeclaring math accent \dot on input line 950.
LaTeX Font Info:    Redeclaring math accent \ddot on input line 951.
LaTeX Font Info:    Redeclaring math accent \vec on input line 2020.
LaTeX Info: Redefining \Bbbk on input line 2810.
LaTeX Info: Redefining \not on input line 2959.
) (geometry.sty
Package: geometry 2020/01/02 v5.9 Page Geometry
 (ifvtex.sty
Package: ifvtex 2019/10/25 v1.7 ifvtex legacy package. Use iftex instead.
)
\Gm@cnth=\count296
\Gm@cntv=\count297
\c@Gm@tempcnt=\count298
\Gm@bindingoffset=\dimen153
\Gm@wd@mp=\dimen154
\Gm@odd@mp=\dimen155
\Gm@even@mp=\dimen156
\Gm@layoutwidth=\dimen157
\Gm@layoutheight=\dimen158
\Gm@layouthoffset=\dimen159
\Gm@layoutvoffset=\dimen160
\Gm@dimlist=\toks30
) (enumitem.sty
Package: enumitem 2019/06/20 v3.9 Customized lists
\labelindent=\skip52
\enit@outerparindent=\dimen161
\enit@toks=\toks31
\enit@inbox=\box54
\enit@count@id=\count299
\enitdp@description=\count300
) (footmisc.sty
Package: footmisc 2022/03/08 v6.0d a miscellany of footnote facilities
\FN@temptoken=\toks32
\footnotemargin=\dimen162
\@outputbox@depth=\dimen163
Package footmisc Info: Declaring symbol style bringhurst on input line 695.
Package footmisc Info: Declaring symbol style chicago on input line 703.
Package footmisc Info: Declaring symbol style wiley on input line 712.
Package footmisc Info: Declaring symbol style lamport-robust on input line 723.

Package footmisc Info: Declaring symbol style lamport* on input line 743.
Package footmisc Info: Declaring symbol style lamport*-robust on input line 764
.
) (setspace.sty
Package: setspace 2011/12/19 v6.7a set line spacing
)
(abstract.sty
Package: abstract 2009/06/08 v1.2a configurable abstracts
\abstitleskip=\skip53
\absleftindent=\skip54
\absrightindent=\skip55
\absparindent=\skip56
\absparsep=\skip57
) (authblk.sty
Package: authblk 2001/02/27 1.3 (PWD)
\affilsep=\skip58
\@affilsep=\skip59
\c@Maxaffil=\count301
\c@authors=\count302
\c@affil=\count303
) (titlesec.sty
Package: titlesec 2021/07/05 v2.14 Sectioning titles
\ttl@box=\box55
\beforetitleunit=\skip60
\aftertitleunit=\skip61
\ttl@plus=\dimen164
\ttl@minus=\dimen165
\ttl@toksa=\toks33
\titlewidth=\dimen166
\titlewidthlast=\dimen167
\titlewidthfirst=\dimen168
) (lettrine.sty
File: lettrine.sty 2020-03-14 v2.23 (Daniel Flipo)
 (minifp.sty
Package: minifp 2013/12/30 v0.96. Macros for real number operations and a stack
-based programing language.
\MFP@loopctr=\count304
)
\c@DefaultLines=\count305
\c@DefaultDepth=\count306
\DefaultFindent=\dimen169
\DefaultNindent=\dimen170
\DefaultSlope=\dimen171
\DiscardVskip=\dimen172
\L@lbox=\box56
\L@tbox=\box57
\c@L@lines=\count307
\c@L@depth=\count308
\L@Pindent=\dimen173
\L@Findent=\dimen174
\L@Nindent=\dimen175
\L@lraise=\dimen176
\L@first=\dimen177
\L@next=\dimen178
\L@slope=\dimen179
\L@height=\dimen180
\L@novskip=\dimen181
\L@target@ht=\dimen182
\L@target@dp=\dimen183
\L@target@tht=\dimen184
\LettrineWidth=\dimen185
\LettrineHeight=\dimen186
\LettrineDepth=\dimen187
\Llist@everypar=\toks34

Loading lettrine.cfg
(lettrine.cfg)) (caption.sty
Package: caption 2022/03/01 v3.6b Customizing captions (AR)
 (caption3.sty
Package: caption3 2022/03/17 v2.3b caption3 kernel (AR)
\caption@tempdima=\dimen188
\captionmargin=\dimen189
\caption@leftmargin=\dimen190
\caption@rightmargin=\dimen191
\caption@width=\dimen192
\caption@indent=\dimen193
\caption@parindent=\dimen194
\caption@hangindent=\dimen195
Package caption Info: Standard document class detected.
)
\c@caption@flags=\count309
\c@continuedfloat=\count310
) (quoting.sty
Package: quoting 2014/01/28 v0.1c Consolidated environment for displayed text
 (kvoptions.sty
Package: kvoptions 2020-10-07 v3.14 Key value format for package options (HO)

(ltxcmds.sty
Package: ltxcmds 2020-05-10 v1.25 LaTeX kernel commands for general use (HO)
) (kvsetkeys.sty
Package: kvsetkeys 2019/12/15 v1.18 Key value parser (HO)
))
\quo@toppartop=\skip62
) (natbib.sty
Package: natbib 2010/09/13 8.31b (PWD, AO)
\bibhang=\skip63
\bibsep=\skip64
LaTeX Info: Redefining \cite on input line 694.
\c@NAT@ctr=\count311
) (url.sty
\Urlmuskip=\muskip17
Package: url 2013/09/16  ver 3.4  Verb mode for urls, etc.
)) (hyperref.sty
Package: hyperref 2022-02-21 v7.00n Hypertext links for LaTeX

(pdftexcmds.sty
Package: pdftexcmds 2020-06-27 v0.33 Utility functions of pdfTeX for LuaTeX (HO
)
 (infwarerr.sty
Package: infwarerr 2019/12/03 v1.5 Providing info/warning/error messages (HO)
)
Package pdftexcmds Info: \pdf@primitive is available.
Package pdftexcmds Info: \pdf@ifprimitive is available.
Package pdftexcmds Info: \pdfdraftmode not found.
) (kvdefinekeys.sty
Package: kvdefinekeys 2019-12-19 v1.6 Define keys (HO)
) (pdfescape.sty
Package: pdfescape 2019/12/09 v1.15 Implements pdfTeX's escape features (HO)
)
(hycolor.sty
Package: hycolor 2020-01-27 v1.10 Color options for hyperref/bookmark (HO)
) (letltxmacro.sty
Package: letltxmacro 2019/12/03 v1.6 Let assignment for LaTeX macros (HO)
) (auxhook.sty
Package: auxhook 2019-12-17 v1.6 Hooks for auxiliary files (HO)
)
\@linkdim=\dimen196
\Hy@linkcounter=\count312
\Hy@pagecounter=\count313
 (pd1enc.def
File: pd1enc.def 2022-02-21 v7.00n Hyperref: PDFDocEncoding definition (HO)
) (intcalc.sty
Package: intcalc 2019/12/15 v1.3 Expandable calculations with integers (HO)
)
(etexcmds.sty
Package: etexcmds 2019/12/15 v1.7 Avoid name clashes with e-TeX commands (HO)
)
\Hy@SavedSpaceFactor=\count314
 (puenc.def
File: puenc.def 2022-02-21 v7.00n Hyperref: PDF Unicode definition (HO)
)
Package hyperref Info: Hyper figures OFF on input line 4137.
Package hyperref Info: Link nesting OFF on input line 4142.
Package hyperref Info: Hyper index ON on input line 4145.
Package hyperref Info: Plain pages OFF on input line 4152.
Package hyperref Info: Backreferencing OFF on input line 4157.
Package hyperref Info: Implicit mode ON; LaTeX internals redefined.
Package hyperref Info: Bookmarks ON on input line 4390.
\c@Hy@tempcnt=\count315
LaTeX Info: Redefining \url on input line 4749.
\XeTeXLinkMargin=\dimen197
Requested font "pzdr" at 0.00002pt
 -> pzdr
 (bitset.sty
Package: bitset 2019/12/09 v1.3 Handle bit-vector datatype (HO)
 (bigintcalc.sty
Package: bigintcalc 2019/12/15 v1.5 Expandable calculations on big integers (HO
)
))
\Fld@menulength=\count316
\Field@Width=\dimen198
\Fld@charsize=\dimen199
Package hyperref Info: Hyper figures OFF on input line 6027.
Package hyperref Info: Link nesting OFF on input line 6032.
Package hyperref Info: Hyper index ON on input line 6035.
Package hyperref Info: backreferencing OFF on input line 6042.
Package hyperref Info: Link coloring OFF on input line 6047.
Package hyperref Info: Link coloring with OCG OFF on input line 6052.
Package hyperref Info: PDF/A mode OFF on input line 6057.
LaTeX Info: Redefining \ref on input line 6097.
LaTeX Info: Redefining \pageref on input line 6101.
 (atbegshi-ltx.sty
Package: atbegshi-ltx 2021/01/10 v1.0c Emulation of the original atbegshi
package with kernel methods
)
\Hy@abspage=\count317
\c@Item=\count318
\c@Hfootnote=\count319
)
Package hyperref Info: Driver (autodetected): hxetex.

(hxetex.def
File: hxetex.def 2022-02-21 v7.00n Hyperref driver for XeTeX
 (stringenc.sty
Package: stringenc 2019/11/29 v1.12 Convert strings between diff. encodings (HO
)
)
\pdfm@box=\box58
\c@Hy@AnnotLevel=\count320
\HyField@AnnotCount=\count321
\Fld@listcount=\count322
\c@bookmark@seq@number=\count323
 (rerunfilecheck.sty
Package: rerunfilecheck 2019/12/05 v1.9 Rerun checks for auxiliary files (HO)
 (atveryend-ltx.sty
Package: atveryend-ltx 2020/08/19 v1.0a Emulation of the original atveryend pac
kage
with kernel methods
)
(uniquecounter.sty
Package: uniquecounter 2019/12/15 v1.4 Provide unlimited unique counter (HO)
)
Package uniquecounter Info: New unique counter `rerunfilecheck' on input line 2
86.
)
\Hy@SectionHShift=\skip65
) (graphicx.sty
Package: graphicx 2021/09/16 v1.2d Enhanced LaTeX Graphics (DPC,SPQR)
 (graphics.sty
Package: graphics 2021/03/04 v1.4d Standard LaTeX Graphics (DPC,SPQR)
 (trig.sty
Package: trig 2021/08/11 v1.11 sin cos tan (DPC)
) (graphics.cfg
File: graphics.cfg 2016/06/04 v1.11 sample graphics configuration
)
Package graphics Info: Driver file: xetex.def on input line 107.

(xetex.def
File: xetex.def 2021/03/18 v5.0k Graphics/color driver for xetex
))
\Gin@req@height=\dimen256
\Gin@req@width=\dimen257
) (siunitx.sty
Package: siunitx 2022-02-15 v3.0.49 A comprehensive (SI) units package
\l__siunitx_angle_tmp_dim=\dimen258
\l__siunitx_angle_marker_box=\box59
\l__siunitx_angle_unit_box=\box60
\l__siunitx_compound_count_int=\count324
 (translations.sty
Package: translations 2022/02/05 v1.12 internationalization of LaTeX2e packages
 (CN)
)
\l__siunitx_number_exponent_fixed_int=\count325
\l__siunitx_number_min_decimal_int=\count326
\l__siunitx_number_min_integer_int=\count327
\l__siunitx_number_round_precision_int=\count328
\l__siunitx_number_group_minimum_int=\count329
\l__siunitx_table_tmp_box=\box61
\l__siunitx_table_tmp_dim=\dimen259
\l__siunitx_table_column_width_dim=\dimen260
\l__siunitx_table_integer_box=\box62
\l__siunitx_table_decimal_box=\box63
\l__siunitx_table_before_box=\box64
\l__siunitx_table_after_box=\box65
\l__siunitx_table_before_dim=\dimen261
\l__siunitx_table_carry_dim=\dimen262
\l__siunitx_unit_tmp_int=\count330
\l__siunitx_unit_position_int=\count331
\l__siunitx_unit_total_int=\count332
 (l3keys2e.sty
Package: l3keys2e 2022-01-12 LaTeX2e option processing using LaTeX3 keys
) (array.sty
Package: array 2021/10/04 v2.5f Tabular extension package (FMi)
\col@sep=\dimen263
\ar@mcellbox=\box66
\extrarowheight=\dimen264
\NC@list=\toks35
\extratabsurround=\skip66
\backup@length=\skip67
\ar@cellbox=\box67
))
(booktabs.sty
Package: booktabs 2020/01/12 v1.61803398 Publication quality tables
\heavyrulewidth=\dimen265
\lightrulewidth=\dimen266
\cmidrulewidth=\dimen267
\belowrulesep=\dimen268
\belowbottomsep=\dimen269
\aboverulesep=\dimen270
\abovetopsep=\dimen271
\cmidrulesep=\dimen272
\cmidrulekern=\dimen273
\defaultaddspace=\dimen274
\@cmidla=\count333
\@cmidlb=\count334
\@aboverulesep=\dimen275
\@belowrulesep=\dimen276
\@thisruleclass=\count335
\@lastruleclass=\count336
\@thisrulewidth=\dimen277
) (xcolor.sty
Package: xcolor 2021/10/31 v2.13 LaTeX color extensions (UK)
 (color.cfg
File: color.cfg 2016/01/02 v1.6 sample color configuration
)
Package xcolor Info: Driver file: xetex.def on input line 227.
Package xcolor Info: Model `cmy' substituted by `cmy0' on input line 1352.
Package xcolor Info: Model `RGB' extended on input line 1368.
Package xcolor Info: Model `HTML' substituted by `rgb' on input line 1370.
Package xcolor Info: Model `Hsb' substituted by `hsb' on input line 1371.
Package xcolor Info: Model `tHsb' substituted by `hsb' on input line 1372.
Package xcolor Info: Model `HSB' substituted by `hsb' on input line 1373.
Package xcolor Info: Model `Gray' substituted by `gray' on input line 1374.
Package xcolor Info: Model `wave' substituted by `hsb' on input line 1375.
) (TeXGyreTermesX.fontspec)
Requested font "[TeXGyreTermesX-Regular.otf]/OT" at 9.99997pt
 -> TeXGyreTermesX-Regular.otf
Requested font "[TeXGyreTermesX-Regular.otf]/OT" at 10.00003pt
 -> TeXGyreTermesX-Regular.otf
Requested font "[TeXGyreTermesX-Regular.otf]/OT:script=latn;language=dflt;" at 
10.00003pt
 -> TeXGyreTermesX-Regular.otf
Requested font "[TeXGyreTermesX-Bold.otf]/OT:script=latn;language=dflt;" at 10.
00003pt
 -> TeXGyreTermesX-Bold.otf
Requested font "[TeXGyreTermesX-Italic.otf]/OT:script=latn;language=dflt;" at 1
0.00003pt
 -> TeXGyreTermesX-Italic.otf
Requested font "[TeXGyreTermesX-Slanted.otf]/OT:script=latn;language=dflt;" at 
10.00003pt
 -> TeXGyreTermesX-Slanted.otf
Requested font "[TeXGyreTermesX-BoldItalic.otf]/OT:script=latn;language=dflt;" 
at 10.00003pt
 -> TeXGyreTermesX-BoldItalic.otf
Requested font "[TeXGyreTermesX-BoldSlanted.otf]/OT:script=latn;language=dflt;"
 at 10.00003pt
 -> TeXGyreTermesX-BoldSlanted.otf

Package fontspec Info: Font family 'TeXGyreTermesX(0)' created for font
(fontspec)             'TeXGyreTermesX' with options [Ligatures = TeX,Scale =
(fontspec)             1,Extension = .otf,SmallCapsFeatures={RawFeature =
(fontspec)             +pcap, },RawFeature=-ss05,Ligatures=TeX,Extension =
(fontspec)             .otf,UprightFont = TeXGyreTermesX-Regular,BoldFont =
(fontspec)             TeXGyreTermesX-Bold,ItalicFont =
(fontspec)             TeXGyreTermesX-Italic,BoldItalicFont =
(fontspec)             TeXGyreTermesX-BoldItalic,SlantedFont =
(fontspec)             *-Slanted,BoldSlantedFont= *-BoldSlanted,Numbers =
(fontspec)             {Monospaced,Lining},UprightFont = *-Regular,ItalicFont
(fontspec)             = *-Italic,BoldFont = *-Bold,BoldItalicFont =
(fontspec)             *-BoldItalic,SlantedFont = *-Slanted,BoldSlantedFont=
(fontspec)             *-BoldSlanted].
(fontspec)              
(fontspec)              This font family consists of the following NFSS
(fontspec)             series/shapes:
(fontspec)              
(fontspec)             - 'normal' (m/n) with NFSS spec.:
(fontspec)             <->s*[1]"[TeXGyreTermesX-Regular.otf]/OT:script=latn;lan
guage=dflt;-ss05;+tnum;+lnum;mapping=tex-text;"
(fontspec)             - 'small caps'  (m/sc) with NFSS spec.:
(fontspec)             <->s*[1]"[TeXGyreTermesX-Regular.otf]/OT:script=latn;lan
guage=dflt;-ss05;+tnum;+lnum;+smcp;+pcap;mapping=tex-text;"
(fontspec)             - 'bold' (b/n) with NFSS spec.:
(fontspec)             <->s*[1]"[TeXGyreTermesX-Bold.otf]/OT:script=latn;langua
ge=dflt;-ss05;+tnum;+lnum;mapping=tex-text;"
(fontspec)             - 'bold small caps'  (b/sc) with NFSS spec.:
(fontspec)             <->s*[1]"[TeXGyreTermesX-Bold.otf]/OT:script=latn;langua
ge=dflt;-ss05;+tnum;+lnum;+smcp;+pcap;mapping=tex-text;"
(fontspec)             - 'italic' (m/it) with NFSS spec.:
(fontspec)             <->s*[1]"[TeXGyreTermesX-Italic.otf]/OT:script=latn;lang
uage=dflt;-ss05;+tnum;+lnum;mapping=tex-text;"
(fontspec)             - 'italic small caps'  (m/scit) with NFSS spec.:
(fontspec)             <->s*[1]"[TeXGyreTermesX-Italic.otf]/OT:script=latn;lang
uage=dflt;-ss05;+tnum;+lnum;+smcp;+pcap;mapping=tex-text;"
(fontspec)             - 'slanted' (m/sl) with NFSS spec.:
(fontspec)             <->s*[1]"[TeXGyreTermesX-Slanted.otf]/OT:script=latn;lan
guage=dflt;-ss05;+tnum;+lnum;mapping=tex-text;"
(fontspec)             - 'slanted small caps'  (m/scsl) with NFSS spec.:
(fontspec)             <->s*[1]"[TeXGyreTermesX-Slanted.otf]/OT:script=latn;lan
guage=dflt;-ss05;+tnum;+lnum;+smcp;+pcap;mapping=tex-text;"
(fontspec)             - 'bold italic' (b/it) with NFSS spec.:
(fontspec)             <->s*[1]"[TeXGyreTermesX-BoldItalic.otf]/OT:script=latn;
language=dflt;-ss05;+tnum;+lnum;mapping=tex-text;"
(fontspec)             - 'bold italic small caps'  (b/scit) with NFSS spec.:
(fontspec)             <->s*[1]"[TeXGyreTermesX-BoldItalic.otf]/OT:script=latn;
language=dflt;-ss05;+tnum;+lnum;+smcp;+pcap;mapping=tex-text;"
(fontspec)             - 'bold slanted' (b/sl) with NFSS spec.:
(fontspec)             <->s*[1]"[TeXGyreTermesX-BoldSlanted.otf]/OT:script=latn
;language=dflt;-ss05;+tnum;+lnum;mapping=tex-text;"
(fontspec)             - 'bold slanted small caps'  (b/scsl) with NFSS spec.:
(fontspec)             <->s*[1]"[TeXGyreTermesX-BoldSlanted.otf]/OT:script=latn
;language=dflt;-ss05;+tnum;+lnum;+smcp;+pcap;mapping=tex-text;"

LaTeX Font Info:    Font shape `TU/TeXGyreTermesX(0)/m/n' will be
(Font)              scaled to size 10.0pt on input line 23.
Requested font "[TeXGyreTermesX-Regular.otf]/OT:script=latn;language=dflt;-ss05
;+tnum;+lnum;mapping=tex-text;" at 10.0pt
 -> TeXGyreTermesX-Regular.otf
Package translations Info: No language package found. I am going to use `englis
h' as default language. on input line 23.
 (main.aux)
\openout1 = `main.aux'.

LaTeX Font Info:    Checking defaults for OML/ntxmi/m/it on input line 23.
LaTeX Font Info:    Trying to load font information for OML+ntxmi on input line
 23.

(omlntxmi.fd
File: omlntxmi.fd 2015/08/25 Fontinst v1.933 font definitions for OML/ntxmi.
)
LaTeX Font Info:    ... okay on input line 23.
LaTeX Font Info:    Checking defaults for OMS/cmsy/m/n on input line 23.
LaTeX Font Info:    ... okay on input line 23.
LaTeX Font Info:    Checking defaults for OT1/cmr/m/n on input line 23.
LaTeX Font Info:    ... okay on input line 23.
LaTeX Font Info:    Checking defaults for T1/cmr/m/n on input line 23.
LaTeX Font Info:    ... okay on input line 23.
LaTeX Font Info:    Checking defaults for TS1/cmr/m/n on input line 23.
LaTeX Font Info:    Trying to load font information for TS1+cmr on input line 2
3.
 (ts1cmr.fd
File: ts1cmr.fd 2019/12/16 v2.5j Standard LaTeX font definitions
)
LaTeX Font Info:    ... okay on input line 23.
LaTeX Font Info:    Checking defaults for TU/lmr/m/n on input line 23.
LaTeX Font Info:    ... okay on input line 23.
LaTeX Font Info:    Checking defaults for OMX/cmex/m/n on input line 23.
LaTeX Font Info:    ... okay on input line 23.
LaTeX Font Info:    Checking defaults for U/ntxexa/m/n on input line 23.
LaTeX Font Info:    Trying to load font information for U+ntxexa on input line 
23.
 (untxexa.fd
File: untxexa.fd 2012/04/16 Fontinst v1.933 font definitions for U/ntxexa.
)
LaTeX Font Info:    ... okay on input line 23.
LaTeX Font Info:    Checking defaults for LMS/ntxsy/m/n on input line 23.
LaTeX Font Info:    Trying to load font information for LMS+ntxsy on input line
 23.
 (lmsntxsy.fd
File: lmsntxsy.fd 2016/07/02 Fontinst v1.933 font definitions for LMS/ntxsy.
)
LaTeX Font Info:    ... okay on input line 23.
LaTeX Font Info:    Checking defaults for LMX/ntxexx/m/n on input line 23.
LaTeX Font Info:    Trying to load font information for LMX+ntxexx on input lin
e 23.
 (lmxntxexx.fd
File: lmxntxexx.fd 2016/07/03 Fontinst v1.933 font definitions for LMX/ntxexx.
)
LaTeX Font Info:    ... okay on input line 23.
LaTeX Font Info:    Checking defaults for PD1/pdf/m/n on input line 23.
LaTeX Font Info:    ... okay on input line 23.
LaTeX Font Info:    Checking defaults for PU/pdf/m/n on input line 23.
LaTeX Font Info:    ... okay on input line 23.
LaTeX Info: Redefining \microtypecontext on input line 23.
Package microtype Info: Applying patch `item' on input line 23.
Package microtype Info: Applying patch `toc' on input line 23.
Package microtype Info: Applying patch `eqnum' on input line 23.
Package microtype Info: Applying patch `footnote' on input line 23.
Package microtype Info: Character protrusion enabled (level 2).
Package microtype Info: Using default protrusion set `alltext'.
Package microtype Info: No adjustment of tracking.
Package microtype Info: No adjustment of spacing.
Package microtype Info: No adjustment of kerning.
Package microtype Info: Loading generic protrusion settings for font family
(microtype)             `TeXGyreTermesX' (encoding: TU).
(microtype)             For optimal results, create family-specific settings.
(microtype)             See the microtype manual for details.

*geometry* driver: auto-detecting
*geometry* detected driver: xetex
*geometry* verbose mode - [ preamble ] result:
* driver: xetex
* paper: letterpaper
* layout: <same size as paper>
* layoutoffset:(h,v)=(0.0pt,0.0pt)
* modes: 
* h-part:(L,W,R)=(72.26999pt, 469.75502pt, 72.26999pt)
* v-part:(T,H,B)=(72.26999pt, 650.43001pt, 72.26999pt)
* \paperwidth=614.295pt
* \paperheight=794.96999pt
* \textwidth=469.75502pt
* \textheight=650.43001pt
* \oddsidemargin=0.0pt
* \evensidemargin=0.0pt
* \topmargin=-37.0pt
* \headheight=12.0pt
* \headsep=25.0pt
* \topskip=10.0pt
* \footskip=30.0pt
* \marginparwidth=65.0pt
* \marginparsep=11.0pt
* \columnsep=10.0pt
* \skip\footins=9.0pt plus 4.0pt minus 2.0pt
* \hoffset=0.0pt
* \voffset=0.0pt
* \mag=1000
* \@twocolumnfalse
* \@twosidefalse
* \@mparswitchfalse
* \@reversemarginfalse
* (1in=72.27pt=25.4mm, 1cm=28.453pt)

Package caption Info: Begin \AtBeginDocument code.
Package caption Info: hyperref package is loaded.
Package caption Info: End \AtBeginDocument code.
Package hyperref Info: Link coloring OFF on input line 23.
(nameref.sty
Package: nameref 2021-04-02 v2.47 Cross-referencing by name of section
 (refcount.sty
Package: refcount 2019/12/15 v3.6 Data extraction from label references (HO)
) (gettitlestring.sty
Package: gettitlestring 2019/12/15 v1.6 Cleanup title references (HO)
)
\c@section@level=\count337
)
LaTeX Info: Redefining \ref on input line 23.
LaTeX Info: Redefining \pageref on input line 23.
LaTeX Info: Redefining \nameref on input line 23.
 (main.out) (main.out)
\@outlinefile=\write3
\openout3 = `main.out'.


(translations-basic-dictionary-english.trsl
File: translations-basic-dictionary-english.trsl (english translation file `tra
nslations-basic-dictionary')
)
Package translations Info: loading dictionary `translations-basic-dictionary' f
or `english'. on input line 23.
LaTeX Font Info:    Font shape `TU/TeXGyreTermesX(0)/m/n' will be
(Font)              scaled to size 17.28pt on input line 25.
Requested font "[TeXGyreTermesX-Regular.otf]/OT:script=latn;language=dflt;-ss05
;+tnum;+lnum;mapping=tex-text;" at 17.28pt
 -> TeXGyreTermesX-Regular.otf
LaTeX Font Info:    Font shape `TU/TeXGyreTermesX(0)/b/n' will be
(Font)              scaled to size 17.28pt on input line 25.
Requested font "[TeXGyreTermesX-Bold.otf]/OT:script=latn;language=dflt;-ss05;+t
num;+lnum;mapping=tex-text;" at 17.28pt
 -> TeXGyreTermesX-Bold.otf
LaTeX Font Info:    Font shape `TU/TeXGyreTermesX(0)/m/it' will be
(Font)              scaled to size 10.0pt on input line 25.
Requested font "[TeXGyreTermesX-Italic.otf]/OT:script=latn;language=dflt;-ss05;
+tnum;+lnum;mapping=tex-text;" at 10.0pt
 -> TeXGyreTermesX-Italic.otf
LaTeX Font Info:    Font shape `TU/TeXGyreTermesX(0)/b/n' will be
(Font)              scaled to size 10.0pt on input line 26.
Requested font "[TeXGyreTermesX-Bold.otf]/OT:script=latn;language=dflt;-ss05;+t
num;+lnum;mapping=tex-text;" at 10.0pt
 -> TeXGyreTermesX-Bold.otf
LaTeX Font Info:    Trying to load font information for OT1+minntx on input lin
e 27.
 (ot1minntx.fd
File: ot1minntx.fd 2022/01/20 v1.0 font definition file for OT1/minntx
)
Requested font "ntx-Regular-tlf-ot1" at 10.0pt
 -> ntx-Regular-tlf-ot1
Package microtype Info: Loading generic protrusion settings for font family
(microtype)             `minntx' (encoding: OT1).
(microtype)             For optimal results, create family-specific settings.
(microtype)             See the microtype manual for details.
Requested font "ntx-Regular-tlf-ot1" at 7.3pt
 -> ntx-Regular-tlf-ot1
Requested font "ntx-Regular-tlf-ot1" at 5.5pt
 -> ntx-Regular-tlf-ot1
Requested font "ntxmi" at 10.0pt
 -> ntxmi
Requested font "ntxmi7" at 7.3pt
 -> ntxmi7
Requested font "ntxmi5" at 5.5pt
 -> ntxmi5
Requested font "ntxsy" at 10.0pt
 -> ntxsy
Requested font "ntxsy7" at 7.3pt
 -> ntxsy7
Requested font "ntxsy5" at 5.5pt
 -> ntxsy5
Requested font "ntxexx" at 10.0pt
 -> ntxexx
Requested font "ntxexx" at 7.3pt
 -> ntxexx
Requested font "ntxexx" at 5.5pt
 -> ntxexx
LaTeX Font Info:    Trying to load font information for U+ntxmia on input line 
27.
 (untxmia.fd
File: untxmia.fd 2018/04/14 Fontinst v1.933 font definitions for U/ntxmia.
)
Requested font "ntxmia" at 10.0pt
 -> ntxmia
Requested font "ntxmia" at 7.3pt
 -> ntxmia
Requested font "ntxmia" at 5.5pt
 -> ntxmia
LaTeX Font Info:    Trying to load font information for U+ntxsym on input line 
27.

(untxsym.fd
File: untxsym.fd 2015/03/20 Fontinst v1.933 font definitions for U/ntxsym.
)
Requested font "ntxsym" at 10.0pt
 -> ntxsym
Requested font "ntxsym" at 7.3pt
 -> ntxsym
Requested font "ntxsym" at 5.5pt
 -> ntxsym
LaTeX Font Info:    Trying to load font information for U+ntxsyc on input line 
27.
 (untxsyc.fd
File: untxsyc.fd 2012/04/12 Fontinst v1.933 font definitions for U/ntxsyc.
)
Requested font "ntxsyc" at 10.0pt
 -> ntxsyc
Requested font "ntxsyc" at 7.3pt
 -> ntxsyc
Requested font "ntxsyc" at 5.5pt
 -> ntxsyc
Requested font "ntxexa" at 10.0pt
 -> ntxexa
Requested font "ntxexa" at 7.3pt
 -> ntxexa
Requested font "ntxexa" at 5.5pt
 -> ntxexa
LaTeX Font Info:    Font shape `TU/TeXGyreTermesX(0)/m/n' will be
(Font)              scaled to size 12.0pt on input line 30.
Requested font "[TeXGyreTermesX-Regular.otf]/OT:script=latn;language=dflt;-ss05
;+tnum;+lnum;mapping=tex-text;" at 12.0pt
 -> TeXGyreTermesX-Regular.otf
LaTeX Font Info:    Font shape `TU/TeXGyreTermesX(0)/b/n' will be
(Font)              scaled to size 12.0pt on input line 30.
Requested font "[TeXGyreTermesX-Bold.otf]/OT:script=latn;language=dflt;-ss05;+t
num;+lnum;mapping=tex-text;" at 12.0pt
 -> TeXGyreTermesX-Bold.otf
 [1

]
File: figures//physical_setup.png Graphic file (type bmp)
<figures//physical_setup.png>
 [2]
Requested font "ntx-Bold-tlf-ot1" at 10.0pt
 -> ntx-Bold-tlf-ot1
Requested font "ntx-Bold-tlf-ot1" at 7.3pt
 -> ntx-Bold-tlf-ot1
Requested font "ntx-Bold-tlf-ot1" at 5.5pt
 -> ntx-Bold-tlf-ot1
 [3] [4]
File: figures//temperature_field_comparison.png Graphic file (type bmp)
<figures//temperature_field_comparison.png>
 [5]
File: figures//all_models_rmse.png Graphic file (type bmp)
<figures//all_models_rmse.png>
File: figures//pino_absolute_error.png Graphic file (type bmp)
<figures//pino_absolute_error.png>
 [6]
LaTeX Font Info:    Font shape `TU/TeXGyreTermesX(0)/m/n' will be
(Font)              scaled to size 9.0pt on input line 174.
Requested font "[TeXGyreTermesX-Regular.otf]/OT:script=latn;language=dflt;-ss05
;+tnum;+lnum;mapping=tex-text;" at 9.0pt
 -> TeXGyreTermesX-Regular.otf
LaTeX Font Info:    Font shape `TU/TeXGyreTermesX(0)/m/n' will be
(Font)              scaled to size 8.0pt on input line 175.
Requested font "[TeXGyreTermesX-Regular.otf]/OT:script=latn;language=dflt;-ss05
;+tnum;+lnum;mapping=tex-text;" at 8.0pt
 -> TeXGyreTermesX-Regular.otf
LaTeX Font Info:    Font shape `TU/TeXGyreTermesX(0)/m/it' will be
(Font)              scaled to size 8.0pt on input line 176.
Requested font "[TeXGyreTermesX-Italic.otf]/OT:script=latn;language=dflt;-ss05;
+tnum;+lnum;mapping=tex-text;" at 8.0pt
 -> TeXGyreTermesX-Italic.otf
Requested font "[lmmono8-regular]:" at 8.0pt
 -> lmmono8-regular
Package microtype Info: Loading generic protrusion settings for font family
(microtype)             `lmtt' (encoding: TU).
(microtype)             For optimal results, create family-specific settings.
(microtype)             See the microtype manual for details.
Requested font "ntx-Regular-tlf-ot1" at 8.0pt
 -> ntx-Regular-tlf-ot1
Requested font "ntx-Regular-tlf-ot1" at 6.2pt
 -> ntx-Regular-tlf-ot1
Requested font "ntxmi7" at 8.0pt
 -> ntxmi7
Requested font "ntxmi5" at 6.2pt
 -> ntxmi5
Requested font "ntxsy7" at 8.0pt
 -> ntxsy7
Requested font "ntxsy5" at 6.2pt
 -> ntxsy5
Requested font "ntxexx" at 8.0pt
 -> ntxexx
Requested font "ntxexx" at 6.2pt
 -> ntxexx
Requested font "ntx-Bold-tlf-ot1" at 8.0pt
 -> ntx-Bold-tlf-ot1
Requested font "ntx-Bold-tlf-ot1" at 6.2pt
 -> ntx-Bold-tlf-ot1
Requested font "ntxmia" at 8.0pt
 -> ntxmia
Requested font "ntxmia" at 6.2pt
 -> ntxmia
Requested font "ntxsym" at 8.0pt
 -> ntxsym
Requested font "ntxsym" at 6.2pt
 -> ntxsym
Requested font "ntxsyc" at 8.0pt
 -> ntxsyc
Requested font "ntxsyc" at 6.2pt
 -> ntxsyc
Requested font "ntxexa" at 8.0pt
 -> ntxexa
Requested font "ntxexa" at 6.2pt
 -> ntxexa
 [7] [8] (main.aux)
Package rerunfilecheck Info: File `main.out' has not changed.
(rerunfilecheck)             Checksum: A9F96A05E0302C30D2438927B1602BD7;2736.
 )
Output written on main.xdv (8 pages, 166268 bytes).
